#
# There is insufficient memory for the Java Runtime Environment to continue.
# Native memory allocation (malloc) failed to allocate 2972336 bytes for Chunk::new
# Possible reasons:
#   The system is out of physical RAM or swap space
#   The process is running with CompressedOops enabled, and the Java Heap may be blocking the growth of the native heap
# Possible solutions:
#   Reduce memory load on the system
#   Increase physical memory or swap space
#   Check if swap backing store is full
#   Decrease Java heap size (-Xmx/-Xms)
#   Decrease number of Java threads
#   Decrease Java thread stack sizes (-Xss)
#   Set larger code cache with -XX:ReservedCodeCacheSize=
#   JVM is running with Unscaled Compressed Oops mode in which the Java heap is
#     placed in the first 4GB address space. The Java Heap base address is the
#     maximum limit for the native heap growth. Please use -XX:HeapBaseMinAddress
#     to set the Java Heap base and to place the Java Heap above 4GB virtual address.
# This output file may be truncated or incomplete.
#
#  Out of Memory Error (allocation.cpp:389), pid=38312, tid=0x00000000000050f0
#
# JRE version: OpenJDK Runtime Environment (Zulu 8.52.0.23-CA-win64) (8.0_282-b08) (build 1.8.0_282-b08)
# Java VM: OpenJDK 64-Bit Server VM (25.282-b08 mixed mode windows-amd64 compressed oops)
# Failed to write core dump. Minidumps are not enabled by default on client versions of Windows
#

---------------  T H R E A D  ---------------

Current thread (0x000000001a9ca800):  JavaThread "C2 CompilerThread1" daemon [_thread_in_native, id=20720, stack(0x000000001b460000,0x000000001b560000)]

Stack: [0x000000001b460000,0x000000001b560000]
[error occurred during error reporting (printing stack bounds), id 0xc0000005]

Native frames: (J=compiled Java code, j=interpreted, Vv=VM code, C=native code)


Current CompileTask:
C2:1567737 7989       4       org.eclipse.jdt.internal.compiler.lookup.BinaryTypeBinding::createMethod (1098 bytes)


---------------  P R O C E S S  ---------------

Java Threads: ( => current thread )
  0x000000001cad2000 JavaThread "User Overview subreports #2" [_thread_in_vm, id=16112, stack(0x0000000021d90000,0x0000000021e90000)]
  0x000000001cacf000 JavaThread "User Overview subreports #1" [_thread_blocked, id=27300, stack(0x0000000021790000,0x0000000021890000)]
  0x000000001caca000 JavaThread "OkHttp testcloud.katalon.com Writer" [_thread_blocked, id=17432, stack(0x0000000022840000,0x0000000022940000)]
  0x000000001cad1000 JavaThread "OkHttp testcloud.katalon.com" [_thread_in_native, id=24452, stack(0x0000000022540000,0x0000000022640000)]
  0x000000001bc9e800 JavaThread "AWT-Windows" daemon [_thread_in_native, id=43848, stack(0x0000000021e90000,0x0000000021f90000)]
  0x000000001bc9c000 JavaThread "Java2D Disposer" daemon [_thread_blocked, id=26740, stack(0x0000000021890000,0x0000000021990000)]
  0x000000001d072800 JavaThread "OkHttp ConnectionPool" daemon [_thread_blocked, id=22428, stack(0x0000000021190000,0x0000000021290000)]
  0x000000001c6eb800 JavaThread "Okio Watchdog" daemon [_thread_blocked, id=7072, stack(0x0000000021a90000,0x0000000021b90000)]
  0x000000001a639000 JavaThread "Service Thread" daemon [_thread_blocked, id=16564, stack(0x000000001b760000,0x000000001b860000)]
  0x000000001a9cd000 JavaThread "C1 CompilerThread3" daemon [_thread_blocked, id=31724, stack(0x000000001b660000,0x000000001b760000)]
  0x000000001a9cc800 JavaThread "C2 CompilerThread2" daemon [_thread_in_native, id=51704, stack(0x000000001b560000,0x000000001b660000)]
=>0x000000001a9ca800 JavaThread "C2 CompilerThread1" daemon [_thread_in_native, id=20720, stack(0x000000001b460000,0x000000001b560000)]
  0x000000001a98f800 JavaThread "C2 CompilerThread0" daemon [_thread_in_native, id=33644, stack(0x000000001b360000,0x000000001b460000)]
  0x000000001a982800 JavaThread "Attach Listener" daemon [_thread_blocked, id=25424, stack(0x000000001b260000,0x000000001b360000)]
  0x000000001a566800 JavaThread "Signal Dispatcher" daemon [_thread_blocked, id=52932, stack(0x000000001b160000,0x000000001b260000)]
  0x000000001847b000 JavaThread "Finalizer" daemon [_thread_blocked, id=14636, stack(0x000000001a750000,0x000000001a850000)]
  0x000000001a270800 JavaThread "Reference Handler" daemon [_thread_blocked, id=35536, stack(0x000000001a650000,0x000000001a750000)]
  0x000000000330f000 JavaThread "main" [_thread_blocked, id=51920, stack(0x0000000003200000,0x0000000003300000)]

Other Threads:
  0x000000001846b000 VMThread [stack: 0x000000001a150000,0x000000001a250000] [id=47556]
  0x000000001a642000 WatcherThread [stack: 0x000000001b860000,0x000000001b960000] [id=8488]

VM state:not at safepoint (normal execution)

VM Mutex/Monitor currently owned by a thread: None

heap address: 0x0000000080000000, size: 2048 MB, Compressed Oops mode: 32-bit
Narrow klass base: 0x0000000000000000, Narrow klass shift: 3
Compressed class space size: 1073741824 Address: 0x0000000100000000

Heap:
 PSYoungGen      total 414208K, used 394681K [0x00000000d5580000, 0x00000000fc780000, 0x0000000100000000)
  eden space 401920K, 95% used [0x00000000d5580000,0x00000000ecb065d8,0x00000000ede00000)
  from space 12288K, 99% used [0x00000000fa880000,0x00000000fb468078,0x00000000fb480000)
  to   space 17408K, 0% used [0x00000000fb680000,0x00000000fb680000,0x00000000fc780000)
 ParOldGen       total 71680K, used 21779K [0x0000000080000000, 0x0000000084600000, 0x00000000d5580000)
  object space 71680K, 30% used [0x0000000080000000,0x0000000081544e00,0x0000000084600000)
 Metaspace       used 56866K, capacity 58344K, committed 58624K, reserved 1101824K
  class space    used 6429K, capacity 6851K, committed 6912K, reserved 1048576K

Card table byte_map: [0x00000000127c0000,0x0000000012bd0000] byte_map_base: 0x00000000123c0000

Marking Bits: (ParMarkBitMap*) 0x000000005f801f00
 Begin Bits: [0x0000000013680000, 0x0000000015680000)
 End Bits:   [0x0000000015680000, 0x0000000017680000)

Polling page: 0x0000000003120000

CodeCache: size=245760Kb used=27720Kb max_used=27720Kb free=218039Kb
 bounds [0x0000000003400000, 0x0000000004f40000, 0x0000000012400000]
 total_blobs=8067 nmethods=7153 adapters=822
 compilation: enabled

Compilation events (10 events):
Event: 1567.728 Thread 0x000000001a9cd000 8475       1       sun.font.AttributeValues::getSwapColors (5 bytes)
Event: 1567.728 Thread 0x000000001a9cd000 nmethod 8475 0x0000000004f331d0 code [0x0000000004f33320, 0x0000000004f33430]
Event: 1567.728 Thread 0x000000001a9cd000 8476       1       sun.font.AttributeValues::getStrikethrough (5 bytes)
Event: 1567.728 Thread 0x000000001a9cd000 nmethod 8476 0x0000000004f33490 code [0x0000000004f335e0, 0x0000000004f336f0]
Event: 1567.728 Thread 0x000000001a9cd000 8477       1       sun.font.AttributeValues::getUnderline (5 bytes)
Event: 1567.728 Thread 0x000000001a9cd000 nmethod 8477 0x0000000004f33750 code [0x0000000004f338a0, 0x0000000004f339b0]
Event: 1567.728 Thread 0x000000001a9cd000 8478       1       sun.font.AttributeValues::getInputMethodUnderline (5 bytes)
Event: 1567.728 Thread 0x000000001a9cd000 nmethod 8478 0x0000000004f33a10 code [0x0000000004f33b60, 0x0000000004f33c70]
Event: 1567.733 Thread 0x000000001a9cd000 8480       3       net.sf.jasperreports.engine.base.JRBaseParagraph::getOwnTabStops (46 bytes)
Event: 1567.733 Thread 0x000000001a9cd000 nmethod 8480 0x0000000004f33cd0 code [0x0000000004f33e80, 0x0000000004f34428]

GC Heap History (10 events):
Event: 772.493 GC heap before
{Heap before GC invocations=9 (full 1):
 PSYoungGen      total 269824K, used 269818K [0x00000000d5580000, 0x00000000f2280000, 0x0000000100000000)
  eden space 259072K, 100% used [0x00000000d5580000,0x00000000e5280000,0x00000000e5280000)
  from space 10752K, 99% used [0x00000000e5280000,0x00000000e5cfe9b0,0x00000000e5d00000)
  to   space 15360K, 0% used [0x00000000f1380000,0x00000000f1380000,0x00000000f2280000)
 ParOldGen       total 53248K, used 16002K [0x0000000080000000, 0x0000000083400000, 0x00000000d5580000)
  object space 53248K, 30% used [0x0000000080000000,0x0000000080fa0830,0x0000000083400000)
 Metaspace       used 34177K, capacity 35392K, committed 35456K, reserved 1081344K
  class space    used 4054K, capacity 4418K, committed 4480K, reserved 1048576K
Event: 772.511 GC heap after
Heap after GC invocations=9 (full 1):
 PSYoungGen      total 455680K, used 12364K [0x00000000d5580000, 0x00000000f3000000, 0x0000000100000000)
  eden space 440320K, 0% used [0x00000000d5580000,0x00000000d5580000,0x00000000f0380000)
  from space 15360K, 80% used [0x00000000f1380000,0x00000000f1f930a8,0x00000000f2280000)
  to   space 16384K, 0% used [0x00000000f0380000,0x00000000f0380000,0x00000000f1380000)
 ParOldGen       total 53248K, used 16010K [0x0000000080000000, 0x0000000083400000, 0x00000000d5580000)
  object space 53248K, 30% used [0x0000000080000000,0x0000000080fa2830,0x0000000083400000)
 Metaspace       used 34177K, capacity 35392K, committed 35456K, reserved 1081344K
  class space    used 4054K, capacity 4418K, committed 4480K, reserved 1048576K
}
Event: 786.401 GC heap before
{Heap before GC invocations=10 (full 1):
 PSYoungGen      total 455680K, used 31026K [0x00000000d5580000, 0x00000000f3000000, 0x0000000100000000)
  eden space 440320K, 4% used [0x00000000d5580000,0x00000000d67b9aa0,0x00000000f0380000)
  from space 15360K, 80% used [0x00000000f1380000,0x00000000f1f930a8,0x00000000f2280000)
  to   space 16384K, 0% used [0x00000000f0380000,0x00000000f0380000,0x00000000f1380000)
 ParOldGen       total 53248K, used 16010K [0x0000000080000000, 0x0000000083400000, 0x00000000d5580000)
  object space 53248K, 30% used [0x0000000080000000,0x0000000080fa2830,0x0000000083400000)
 Metaspace       used 34287K, capacity 35432K, committed 35496K, reserved 1081344K
  class space    used 4057K, capacity 4423K, committed 4480K, reserved 1048576K
Event: 786.413 GC heap after
Heap after GC invocations=10 (full 1):
 PSYoungGen      total 456704K, used 9936K [0x00000000d5580000, 0x00000000fd700000, 0x0000000100000000)
  eden space 440320K, 0% used [0x00000000d5580000,0x00000000d5580000,0x00000000f0380000)
  from space 16384K, 60% used [0x00000000f0380000,0x00000000f0d340c8,0x00000000f1380000)
  to   space 16384K, 0% used [0x00000000fc700000,0x00000000fc700000,0x00000000fd700000)
 ParOldGen       total 53248K, used 18254K [0x0000000080000000, 0x0000000083400000, 0x00000000d5580000)
  object space 53248K, 34% used [0x0000000080000000,0x00000000811d3a88,0x0000000083400000)
 Metaspace       used 34287K, capacity 35432K, committed 35496K, reserved 1081344K
  class space    used 4057K, capacity 4423K, committed 4480K, reserved 1048576K
}
Event: 786.413 GC heap before
{Heap before GC invocations=11 (full 2):
 PSYoungGen      total 456704K, used 9936K [0x00000000d5580000, 0x00000000fd700000, 0x0000000100000000)
  eden space 440320K, 0% used [0x00000000d5580000,0x00000000d5580000,0x00000000f0380000)
  from space 16384K, 60% used [0x00000000f0380000,0x00000000f0d340c8,0x00000000f1380000)
  to   space 16384K, 0% used [0x00000000fc700000,0x00000000fc700000,0x00000000fd700000)
 ParOldGen       total 53248K, used 18254K [0x0000000080000000, 0x0000000083400000, 0x00000000d5580000)
  object space 53248K, 34% used [0x0000000080000000,0x00000000811d3a88,0x0000000083400000)
 Metaspace       used 34287K, capacity 35432K, committed 35496K, reserved 1081344K
  class space    used 4057K, capacity 4423K, committed 4480K, reserved 1048576K
Event: 786.666 GC heap after
Heap after GC invocations=11 (full 2):
 PSYoungGen      total 456704K, used 0K [0x00000000d5580000, 0x00000000fd700000, 0x0000000100000000)
  eden space 440320K, 0% used [0x00000000d5580000,0x00000000d5580000,0x00000000f0380000)
  from space 16384K, 0% used [0x00000000f0380000,0x00000000f0380000,0x00000000f1380000)
  to   space 16384K, 0% used [0x00000000fc700000,0x00000000fc700000,0x00000000fd700000)
 ParOldGen       total 71680K, used 20070K [0x0000000080000000, 0x0000000084600000, 0x00000000d5580000)
  object space 71680K, 28% used [0x0000000080000000,0x0000000081399b38,0x0000000084600000)
 Metaspace       used 34281K, capacity 35416K, committed 35496K, reserved 1081344K
  class space    used 4055K, capacity 4419K, committed 4480K, reserved 1048576K
}
Event: 1166.089 GC heap before
{Heap before GC invocations=12 (full 2):
 PSYoungGen      total 456704K, used 440320K [0x00000000d5580000, 0x00000000fd700000, 0x0000000100000000)
  eden space 440320K, 100% used [0x00000000d5580000,0x00000000f0380000,0x00000000f0380000)
  from space 16384K, 0% used [0x00000000f0380000,0x00000000f0380000,0x00000000f1380000)
  to   space 16384K, 0% used [0x00000000fc700000,0x00000000fc700000,0x00000000fd700000)
 ParOldGen       total 71680K, used 20070K [0x0000000080000000, 0x0000000084600000, 0x00000000d5580000)
  object space 71680K, 28% used [0x0000000080000000,0x0000000081399b38,0x0000000084600000)
 Metaspace       used 37522K, capacity 38788K, committed 39040K, reserved 1083392K
  class space    used 4336K, capacity 4696K, committed 4736K, reserved 1048576K
Event: 1166.110 GC heap after
Heap after GC invocations=12 (full 2):
 PSYoungGen      total 423424K, used 2417K [0x00000000d5580000, 0x00000000fc980000, 0x0000000100000000)
  eden space 420864K, 0% used [0x00000000d5580000,0x00000000d5580000,0x00000000ef080000)
  from space 2560K, 94% used [0x00000000fc700000,0x00000000fc95c448,0x00000000fc980000)
  to   space 16896K, 0% used [0x00000000fa880000,0x00000000fa880000,0x00000000fb900000)
 ParOldGen       total 71680K, used 20078K [0x0000000080000000, 0x0000000084600000, 0x00000000d5580000)
  object space 71680K, 28% used [0x0000000080000000,0x000000008139bb38,0x0000000084600000)
 Metaspace       used 37522K, capacity 38788K, committed 39040K, reserved 1083392K
  class space    used 4336K, capacity 4696K, committed 4736K, reserved 1048576K
}
Event: 1563.160 GC heap before
{Heap before GC invocations=13 (full 2):
 PSYoungGen      total 423424K, used 423281K [0x00000000d5580000, 0x00000000fc980000, 0x0000000100000000)
  eden space 420864K, 100% used [0x00000000d5580000,0x00000000ef080000,0x00000000ef080000)
  from space 2560K, 94% used [0x00000000fc700000,0x00000000fc95c448,0x00000000fc980000)
  to   space 16896K, 0% used [0x00000000fa880000,0x00000000fa880000,0x00000000fb900000)
 ParOldGen       total 71680K, used 20078K [0x0000000080000000, 0x0000000084600000, 0x00000000d5580000)
  object space 71680K, 28% used [0x0000000080000000,0x000000008139bb38,0x0000000084600000)
 Metaspace       used 45814K, capacity 47192K, committed 47360K, reserved 1091584K
  class space    used 5389K, capacity 5820K, committed 5888K, reserved 1048576K
Event: 1563.192 GC heap after
Heap after GC invocations=13 (full 2):
 PSYoungGen      total 414208K, used 12192K [0x00000000d5580000, 0x00000000fc780000, 0x0000000100000000)
  eden space 401920K, 0% used [0x00000000d5580000,0x00000000d5580000,0x00000000ede00000)
  from space 12288K, 99% used [0x00000000fa880000,0x00000000fb468078,0x00000000fb480000)
  to   space 17408K, 0% used [0x00000000fb680000,0x00000000fb680000,0x00000000fc780000)
 ParOldGen       total 71680K, used 21779K [0x0000000080000000, 0x0000000084600000, 0x00000000d5580000)
  object space 71680K, 30% used [0x0000000080000000,0x0000000081544e00,0x0000000084600000)
 Metaspace       used 45814K, capacity 47192K, committed 47360K, reserved 1091584K
  class space    used 5389K, capacity 5820K, committed 5888K, reserved 1048576K
}

Deoptimization events (10 events):
Event: 1567.055 Thread 0x000000001cad2000 Uncommon trap: reason=unstable_if action=reinterpret pc=0x0000000004d9c0e8 method=java.util.StringTokenizer.scanToken(I)I @ 101
Event: 1567.058 Thread 0x000000001cad2000 Uncommon trap: reason=unstable_if action=reinterpret pc=0x0000000003e3299c method=java.util.concurrent.ConcurrentHashMap.get(Ljava/lang/Object;)Ljava/lang/Object; @ 76
Event: 1567.059 Thread 0x000000001cad2000 Uncommon trap: reason=class_check action=maybe_recompile pc=0x0000000003f8be6c method=java.util.concurrent.ConcurrentHashMap.putVal(Ljava/lang/Object;Ljava/lang/Object;Z)Ljava/lang/Object; @ 192
Event: 1567.067 Thread 0x000000001cad2000 Uncommon trap: reason=class_check action=maybe_recompile pc=0x0000000003f8be6c method=java.util.concurrent.ConcurrentHashMap.putVal(Ljava/lang/Object;Ljava/lang/Object;Z)Ljava/lang/Object; @ 192
Event: 1567.071 Thread 0x000000001cad2000 Uncommon trap: reason=class_check action=maybe_recompile pc=0x0000000003f8be6c method=java.util.concurrent.ConcurrentHashMap.putVal(Ljava/lang/Object;Ljava/lang/Object;Z)Ljava/lang/Object; @ 192
Event: 1567.074 Thread 0x000000001cad2000 Uncommon trap: reason=class_check action=maybe_recompile pc=0x0000000003f8be6c method=java.util.concurrent.ConcurrentHashMap.putVal(Ljava/lang/Object;Ljava/lang/Object;Z)Ljava/lang/Object; @ 192
Event: 1567.412 Thread 0x000000001cad2000 Uncommon trap: reason=class_check action=maybe_recompile pc=0x0000000004903808 method=org.apache.xerces.impl.XMLDocumentFragmentScannerImpl.scanContent()I @ 220
Event: 1567.442 Thread 0x000000001cad2000 Uncommon trap: reason=unstable_if action=reinterpret pc=0x0000000004b7381c method=sun.font.CMap$CMapFormat4.getGlyph(I)C @ 181
Event: 1567.452 Thread 0x000000001cad2000 Uncommon trap: reason=unstable_if action=reinterpret pc=0x0000000004a17020 method=sun.font.FileFontStrike.getGlyphMetrics(IZ)Ljava/awt/geom/Point2D$Float; @ 11
Event: 1567.537 Thread 0x000000001cad2000 Uncommon trap: reason=class_check action=maybe_recompile pc=0x0000000004144ca4 method=java.lang.Character.toUpperCase(I)I @ 5

Classes redefined (0 events):
No events

Internal exceptions (10 events):
Event: 1567.345 Thread 0x000000001cacf000 Exception <a 'java/security/PrivilegedActionException'> (0x00000000eb271d18) thrown at [C:\jenkins\workspace\zulu8-silver-build-win64\zulu-src\hotspot\src\share\vm\prims\jvm.cpp, line 1529]
Event: 1567.345 Thread 0x000000001cacf000 Exception <a 'java/security/PrivilegedActionException'> (0x00000000eb27dd38) thrown at [C:\jenkins\workspace\zulu8-silver-build-win64\zulu-src\hotspot\src\share\vm\prims\jvm.cpp, line 1529]
Event: 1567.345 Thread 0x000000001cacf000 Exception <a 'java/security/PrivilegedActionException'> (0x00000000eb27e318) thrown at [C:\jenkins\workspace\zulu8-silver-build-win64\zulu-src\hotspot\src\share\vm\prims\jvm.cpp, line 1529]
Event: 1567.346 Thread 0x000000001cacf000 Exception <a 'java/security/PrivilegedActionException'> (0x00000000eb288e68) thrown at [C:\jenkins\workspace\zulu8-silver-build-win64\zulu-src\hotspot\src\share\vm\prims\jvm.cpp, line 1529]
Event: 1567.346 Thread 0x000000001cacf000 Exception <a 'java/security/PrivilegedActionException'> (0x00000000eb289448) thrown at [C:\jenkins\workspace\zulu8-silver-build-win64\zulu-src\hotspot\src\share\vm\prims\jvm.cpp, line 1529]
Event: 1567.346 Thread 0x000000001cacf000 Exception <a 'java/security/PrivilegedActionException'> (0x00000000eb2922f0) thrown at [C:\jenkins\workspace\zulu8-silver-build-win64\zulu-src\hotspot\src\share\vm\prims\jvm.cpp, line 1529]
Event: 1567.346 Thread 0x000000001cacf000 Exception <a 'java/security/PrivilegedActionException'> (0x00000000eb2928d0) thrown at [C:\jenkins\workspace\zulu8-silver-build-win64\zulu-src\hotspot\src\share\vm\prims\jvm.cpp, line 1529]
Event: 1567.347 Thread 0x000000001cacf000 Exception <a 'java/security/PrivilegedActionException'> (0x00000000eb29e8f0) thrown at [C:\jenkins\workspace\zulu8-silver-build-win64\zulu-src\hotspot\src\share\vm\prims\jvm.cpp, line 1529]
Event: 1567.347 Thread 0x000000001cacf000 Exception <a 'java/security/PrivilegedActionException'> (0x00000000eb29eed0) thrown at [C:\jenkins\workspace\zulu8-silver-build-win64\zulu-src\hotspot\src\share\vm\prims\jvm.cpp, line 1529]
Event: 1567.527 Thread 0x000000001cad2000 Exception <a 'java/lang/ClassNotFoundException': sun/net/www/protocol/c/Handler> (0x00000000ebb6eaa8) thrown at [C:\jenkins\workspace\zulu8-silver-build-win64\zulu-src\hotspot\src\share\vm\classfile\systemDictionary.cpp, line 220]

Events (10 events):
Event: 1567.653 Thread 0x000000001a9cd000 flushing nmethod 0x00000000049b0c10
Event: 1567.653 Thread 0x000000001a9cd000 flushing nmethod 0x0000000004b07850
Event: 1567.653 Thread 0x000000001a9cd000 flushing nmethod 0x0000000004b1a1d0
Event: 1567.653 Thread 0x000000001a9cd000 flushing nmethod 0x0000000004b8b5d0
Event: 1567.654 Thread 0x000000001a9cd000 flushing nmethod 0x0000000004c03650
Event: 1567.655 Thread 0x000000001a9cd000 flushing nmethod 0x0000000004e64610
Event: 1567.689 Executing VM operation: RevokeBias
Event: 1567.689 Executing VM operation: RevokeBias done
Event: 1567.690 Executing VM operation: RevokeBias
Event: 1567.690 Executing VM operation: RevokeBias done


Dynamic libraries:
0x00007ff64fe90000 - 0x00007ff64fec5000 	C:\Users\LENOVO\Katalon\Katalon_Studio_Windows_64-8.2.0\jre\bin\javaw.exe
0x00007ffc08c90000 - 0x00007ffc08e85000 	C:\Windows\SYSTEM32\ntdll.dll
0x00007ffc06e20000 - 0x00007ffc06ede000 	C:\Windows\System32\KERNEL32.DLL
0x00007ffc06790000 - 0x00007ffc06a58000 	C:\Windows\System32\KERNELBASE.dll
0x00007ffc08420000 - 0x00007ffc084ce000 	C:\Windows\System32\ADVAPI32.dll
0x00007ffc074b0000 - 0x00007ffc0754e000 	C:\Windows\System32\msvcrt.dll
0x00007ffc06f40000 - 0x00007ffc06fdc000 	C:\Windows\System32\sechost.dll
0x00007ffc07bf0000 - 0x00007ffc07d15000 	C:\Windows\System32\RPCRT4.dll
0x00007ffc07a30000 - 0x00007ffc07bd0000 	C:\Windows\System32\USER32.dll
0x00007ffc066d0000 - 0x00007ffc066f2000 	C:\Windows\System32\win32u.dll
0x00007ffc07560000 - 0x00007ffc0758b000 	C:\Windows\System32\GDI32.dll
0x00007ffc065c0000 - 0x00007ffc066cb000 	C:\Windows\System32\gdi32full.dll
0x00007ffc063b0000 - 0x00007ffc0644d000 	C:\Windows\System32\msvcp_win.dll
0x00007ffc064c0000 - 0x00007ffc065c0000 	C:\Windows\System32\ucrtbase.dll
0x00007ffbf8290000 - 0x00007ffbf852a000 	C:\Windows\WinSxS\amd64_microsoft.windows.common-controls_6595b64144ccf1df_6.0.19041.1110_none_60b5254171f9507e\COMCTL32.dll
0x00007ffc084d0000 - 0x00007ffc08500000 	C:\Windows\System32\IMM32.DLL
0x000000005fb20000 - 0x000000005fbf2000 	C:\Users\LENOVO\Katalon\Katalon_Studio_Windows_64-8.2.0\jre\bin\msvcr100.dll
0x000000005efc0000 - 0x000000005f885000 	C:\Users\LENOVO\Katalon\Katalon_Studio_Windows_64-8.2.0\jre\bin\server\jvm.dll
0x00007ffc082e0000 - 0x00007ffc082e8000 	C:\Windows\System32\PSAPI.DLL
0x00007ffbedd20000 - 0x00007ffbedd29000 	C:\Windows\SYSTEM32\WSOCK32.dll
0x00007ffc07740000 - 0x00007ffc077ab000 	C:\Windows\System32\WS2_32.dll
0x00007ffbfb280000 - 0x00007ffbfb2a7000 	C:\Windows\SYSTEM32\WINMM.dll
0x00007ffbffac0000 - 0x00007ffbffaca000 	C:\Windows\SYSTEM32\VERSION.dll
0x00007ffc01ea0000 - 0x00007ffc01eaf000 	C:\Users\LENOVO\Katalon\Katalon_Studio_Windows_64-8.2.0\jre\bin\verify.dll
0x00007ffbef9e0000 - 0x00007ffbefa09000 	C:\Users\LENOVO\Katalon\Katalon_Studio_Windows_64-8.2.0\jre\bin\java.dll
0x00007ffbfb500000 - 0x00007ffbfb516000 	C:\Users\LENOVO\Katalon\Katalon_Studio_Windows_64-8.2.0\jre\bin\zip.dll
0x00007ffc08500000 - 0x00007ffc08c44000 	C:\Windows\System32\SHELL32.dll
0x00007ffc044c0000 - 0x00007ffc04c54000 	C:\Windows\SYSTEM32\windows.storage.dll
0x00007ffc07f20000 - 0x00007ffc08274000 	C:\Windows\System32\combase.dll
0x00007ffc05e10000 - 0x00007ffc05e3c000 	C:\Windows\SYSTEM32\Wldp.dll
0x00007ffc07e70000 - 0x00007ffc07f1d000 	C:\Windows\System32\SHCORE.dll
0x00007ffc06ee0000 - 0x00007ffc06f35000 	C:\Windows\System32\shlwapi.dll
0x00007ffc062f0000 - 0x00007ffc0630f000 	C:\Windows\SYSTEM32\profapi.dll
0x00007ffbeede0000 - 0x00007ffbeedfb000 	C:\Users\LENOVO\Katalon\Katalon_Studio_Windows_64-8.2.0\jre\bin\net.dll
0x00007ffc05b70000 - 0x00007ffc05bda000 	C:\Windows\system32\mswsock.dll
0x00007ffbeaa10000 - 0x00007ffbeaa21000 	C:\Users\LENOVO\Katalon\Katalon_Studio_Windows_64-8.2.0\jre\bin\nio.dll
0x00007ffc05810000 - 0x00007ffc0584b000 	C:\Windows\SYSTEM32\IPHLPAPI.DLL
0x00007ffc07550000 - 0x00007ffc07558000 	C:\Windows\System32\NSI.dll
0x00007ffbfcf10000 - 0x00007ffbfcf27000 	C:\Windows\SYSTEM32\dhcpcsvc6.DLL
0x00007ffbfebe0000 - 0x00007ffbfebfd000 	C:\Windows\SYSTEM32\dhcpcsvc.DLL
0x00007ffc05850000 - 0x00007ffc0591a000 	C:\Windows\SYSTEM32\DNSAPI.dll
0x00007ffbea9b0000 - 0x00007ffbea9d4000 	C:\Users\LENOVO\Katalon\Katalon_Studio_Windows_64-8.2.0\jre\bin\sunec.dll
0x00007ffc00fa0000 - 0x00007ffc00fac000 	C:\Users\LENOVO\Katalon\Katalon_Studio_Windows_64-8.2.0\jre\bin\sunmscapi.dll
0x00007ffc06b90000 - 0x00007ffc06ce6000 	C:\Windows\System32\CRYPT32.dll
0x00007ffc05e80000 - 0x00007ffc05ea7000 	C:\Windows\SYSTEM32\ncrypt.dll
0x00007ffc05e40000 - 0x00007ffc05e7b000 	C:\Windows\SYSTEM32\NTASN1.dll
0x00007ffc05d60000 - 0x00007ffc05d78000 	C:\Windows\SYSTEM32\CRYPTSP.dll
0x00007ffc05480000 - 0x00007ffc054b4000 	C:\Windows\system32\rsaenh.dll
0x00007ffc06a60000 - 0x00007ffc06a87000 	C:\Windows\System32\bcrypt.dll
0x00007ffc062b0000 - 0x00007ffc062de000 	C:\Windows\SYSTEM32\USERENV.dll
0x00007ffc06700000 - 0x00007ffc06782000 	C:\Windows\System32\bcryptprimitives.dll
0x00007ffc05d80000 - 0x00007ffc05d8c000 	C:\Windows\SYSTEM32\CRYPTBASE.dll
0x000000005f890000 - 0x000000005f8b6000 	C:\Program Files\Bonjour\mdnsNSP.dll
0x00007ffbf93a0000 - 0x00007ffbf93aa000 	C:\Windows\System32\rasadhlp.dll
0x00007ffbf8a40000 - 0x00007ffbf8abf000 	C:\Windows\System32\fwpuclnt.dll
0x00007ffbcdd90000 - 0x00007ffbcdf28000 	C:\Users\LENOVO\Katalon\Katalon_Studio_Windows_64-8.2.0\jre\bin\awt.dll
0x00007ffc06cf0000 - 0x00007ffc06dbd000 	C:\Windows\System32\OLEAUT32.dll
0x00007ffc03c40000 - 0x00007ffc03cd0000 	C:\Windows\SYSTEM32\apphelp.dll
0x00007ffc03de0000 - 0x00007ffc03e7e000 	C:\Windows\system32\uxtheme.dll
0x00007ffc07910000 - 0x00007ffc07a26000 	C:\Windows\System32\MSCTF.dll
0x00007ffc082f0000 - 0x00007ffc0841a000 	C:\Windows\System32\ole32.dll
0x00007ffc042c0000 - 0x00007ffc042d2000 	C:\Windows\SYSTEM32\kernel.appcore.dll
0x00007ffc03fd0000 - 0x00007ffc03fff000 	C:\Windows\system32\DWMAPI.DLL
0x00007ffbf8630000 - 0x00007ffbf8647000 	C:\Windows\system32\napinsp.dll
0x00007ffbf8260000 - 0x00007ffbf827b000 	C:\Windows\system32\pnrpnsp.dll
0x00007ffbe1de0000 - 0x00007ffbe1df5000 	C:\Windows\system32\wshbth.dll
0x00007ffc01df0000 - 0x00007ffc01e0d000 	C:\Windows\system32\NLAapi.dll
0x00007ffbf7c40000 - 0x00007ffbf7c52000 	C:\Windows\System32\winrnr.dll
0x00007ffbe7850000 - 0x00007ffbe78f5000 	C:\Users\LENOVO\Katalon\Katalon_Studio_Windows_64-8.2.0\jre\bin\freetype.dll
0x00007ffbf2850000 - 0x00007ffbf289b000 	C:\Users\LENOVO\Katalon\Katalon_Studio_Windows_64-8.2.0\jre\bin\fontmanager.dll

VM Arguments:
jvm_args: -Dgroovy.home=C:\Users\LENOVO/.groovy -Djava.system.class.loader=groovy.lang.GroovyClassLoader -Xmx2048m -Dfile.encoding=UTF-8 
java_command: org.codehaus.groovy.tools.GroovyStarter --classpath C:\Users\LENOVO\Katalon Studio\Avangard\bin\keyword;C:\Users\LENOVO\Katalon Studio\Avangard\Keywords;C:\Users\LENOVO\Katalon Studio\Avangard\bin\listener;C:\Users\LENOVO\Katalon Studio\Avangard\Test Listeners;C:\Users\LENOVO\Katalon Studio\Avangard\bin\lib;C:\Users\LENOVO\Katalon Studio\Avangard\Libs;C:\Users\LENOVO\Katalon Studio\Avangard\bin\groovy;C:\Users\LENOVO\Katalon Studio\Avangard\Include\scripts\groovy;C:\Users\LENOVO\Katalon\Katalon_Studio_Windows_64-8.2.0\plugins\com.kms.katalon.core_1.0.0.202201190711.jar;C:\Users\LENOVO\Katalon\Katalon_Studio_Windows_64-8.2.0\configuration\resources\lib\aalto-xml-1.0.0.jar;C:\Users\LENOVO\Katalon\Katalon_Studio_Windows_64-8.2.0\configuration\resources\lib\aspectjweaver-1.9.1.jar;C:\Users\LENOVO\Katalon\Katalon_Studio_Windows_64-8.2.0\configuration\resources\lib\bcpkix-jdk15on-1.64.jar;C:\Users\LENOVO\Katalon\Katalon_Studio_Windows_64-8.2.0\configuration\resources\lib\bcprov-jdk15on-1.64.jar;C:\Users\LENOVO\Katalon\Katalon_Studio_Windows_64-8.2.0\configuration\resources\lib\browsermob-core-2.1.5.jar;C:\Users\LENOVO\Katalon\Katalon_Studio_Windows_64-8.2.0\configuration\resources\lib\cglib-3.2.10.jar;C:\Users\LENOVO\Katalon\Katalon_Studio_Windows_64-8.2.0\configuration\resources\lib\commons-codec-1.10.jar;C:\Users\LENOVO\Katalon\Katalon_Studio_Windows_64-8.2.0\configuration\resources\lib\commons-collections4-4.1.jar;C:\Users\LENOVO\Katalon\Katalon_Studio_Windows_64-8.2.0\configuration\resources\lib\commons-validator-1.6.jar;C:\Users\LENOVO\Katalon\Katalon_Studio_Windows_64-8.2.0\configuration\resources\lib\curvesapi-1.04.jar;C:\Users\LENOVO\Katalon\Katalon_Studio_Windows_64-8.2.0\configuration\resources\lib\dnsjava-2.1.8.jar;C:\Users\LENOVO\Katalon\Katalon_Studio_Windows_64-8.2.0\configuration\resources\lib\java-client-7.0.0.jar;C:\Users\LENOVO\Katalon\Katalon_Studio_Windows_64-8.2.0\configuration\resources\lib\jna-4.1.0.jar;C:\Users\LENOVO\Katalon\Katalo
java_class_path (initial): C:\Users\LENOVO\Katalon Studio\Avangard\bin\keyword;C:\Users\LENOVO\Katalon Studio\Avangard\bin\listener;C:\Users\LENOVO\Katalon Studio\Avangard\bin\lib;C:\Users\LENOVO\Katalon Studio\Avangard\bin\groovy;C:\Users\LENOVO\Katalon Studio\Avangard\bin;C:\Users\LENOVO\Katalon\Katalon_Studio_Windows_64-8.2.0\plugins\com.kms.katalon.core_1.0.0.202201190711.jar;C:\Users\LENOVO\Katalon\Katalon_Studio_Windows_64-8.2.0\configuration\resources\lib\aalto-xml-1.0.0.jar;C:\Users\LENOVO\Katalon\Katalon_Studio_Windows_64-8.2.0\configuration\resources\lib\aspectjweaver-1.9.1.jar;C:\Users\LENOVO\Katalon\Katalon_Studio_Windows_64-8.2.0\configuration\resources\lib\bcpkix-jdk15on-1.64.jar;C:\Users\LENOVO\Katalon\Katalon_Studio_Windows_64-8.2.0\configuration\resources\lib\bcprov-jdk15on-1.64.jar;C:\Users\LENOVO\Katalon\Katalon_Studio_Windows_64-8.2.0\configuration\resources\lib\browsermob-core-2.1.5.jar;C:\Users\LENOVO\Katalon\Katalon_Studio_Windows_64-8.2.0\configuration\resources\lib\cglib-3.2.10.jar;C:\Users\LENOVO\Katalon\Katalon_Studio_Windows_64-8.2.0\configuration\resources\lib\commons-codec-1.10.jar;C:\Users\LENOVO\Katalon\Katalon_Studio_Windows_64-8.2.0\configuration\resources\lib\commons-collections4-4.1.jar;C:\Users\LENOVO\Katalon\Katalon_Studio_Windows_64-8.2.0\configuration\resources\lib\commons-validator-1.6.jar;C:\Users\LENOVO\Katalon\Katalon_Studio_Windows_64-8.2.0\configuration\resources\lib\curvesapi-1.04.jar;C:\Users\LENOVO\Katalon\Katalon_Studio_Windows_64-8.2.0\configuration\resources\lib\dnsjava-2.1.8.jar;C:\Users\LENOVO\Katalon\Katalon_Studio_Windows_64-8.2.0\configuration\resources\lib\java-client-7.0.0.jar;C:\Users\LENOVO\Katalon\Katalon_Studio_Windows_64-8.2.0\configuration\resources\lib\jna-4.1.0.jar;C:\Users\LENOVO\Katalon\Katalon_Studio_Windows_64-8.2.0\configuration\resources\lib\jna-platform-4.1.0.jar;C:\Users\LENOVO\Katalon\Katalon_Studio_Windows_64-8.2.0\configuration\resources\lib\jzlib-1.1.3.jar;C:\Users\LENOVO\Katalon\Katalo
Launcher Type: SUN_STANDARD

Environment Variables:
PATH=C:/Users/LENOVO/Katalon/Katalon_Studio_Windows_64-8.2.0/jre/bin/server;C:/Users/LENOVO/Katalon/Katalon_Studio_Windows_64-8.2.0/jre/bin;C:/Users/LENOVO/Katalon/Katalon_Studio_Windows_64-8.2.0/jre/lib/amd64;C:\Python310\Scripts\;C:\Python310\;C:\Windows\system32;C:\Windows;C:\Windows\System32\Wbem;C:\Windows\System32\WindowsPowerShell\v1.0\;C:\Windows\System32\OpenSSH\;C:\Program Files\Git\cmd;C:\Program Files\nodejs\;C:\ProgramData\chocolatey\bin;C:\Users\LENOVO\AppData\Local\Microsoft\WindowsApps;C:\Users\LENOVO\AppData\Local\GitHubDesktop\bin;C:\Program Files (x86)\Brackets\;C:\Users\LENOVO\AppData\Roaming\npm;C:\Users\LENOVO\Katalon\Katalon_Studio_Windows_64-8.2.0;
USERNAME=LENOVO
OS=Windows_NT
PROCESSOR_IDENTIFIER=Intel64 Family 6 Model 158 Stepping 13, GenuineIntel



---------------  S Y S T E M  ---------------

OS: Windows 10.0 , 64 bit Build 19041 (10.0.19041.1566)

CPU:total 8 (initial active 8) (4 cores per cpu, 2 threads per core) family 6 model 158 stepping 13, cmov, cx8, fxsr, mmx, sse, sse2, sse3, ssse3, sse4.1, sse4.2, popcnt, avx, avx2, aes, clmul, erms, 3dnowpref, lzcnt, ht, tsc, tscinvbit, bmi1, bmi2, adx

Memory: 4k page, physical 8306932k(450248k free), swap 26338248k(5224k free)

vm_info: OpenJDK 64-Bit Server VM (25.282-b08) for windows-amd64 JRE (Zulu 8.52.0.23-CA-win64) (1.8.0_282-b08), built on Jan 12 2021 07:45:49 by "tester" with MS VC++ 10.0 (VS2010)

time: Fri Apr 01 20:52:11 2022
timezone: RTZ 2 (зима)
elapsed time: 1567.746773 seconds (0d 0h 26m 7s)

